<?xml version="1.0" encoding="UTF-8"?>
<testsuite name="com.brand.calculatore.CalculatoreApplicationTests" tests="1" skipped="0" failures="0" errors="0" timestamp="2025-07-17T11:44:24.610Z" hostname="sam-770Z5E-780Z5E-870Z5E-880Z5E" time="0.683">
  <properties/>
  <testcase name="contextLoads()" classname="com.brand.calculatore.CalculatoreApplicationTests" time="0.683"/>
  <system-out><![CDATA[12:44:22.598 [Test worker] INFO org.springframework.test.context.support.AnnotationConfigContextLoaderUtils -- Could not detect default configuration classes for test class [com.brand.calculatore.CalculatoreApplicationTests]: CalculatoreApplicationTests does not declare any static, non-private, non-final, nested classes annotated with @Configuration.
12:44:22.713 [Test worker] INFO org.springframework.boot.test.context.SpringBootTestContextBootstrapper -- Found @SpringBootConfiguration com.brand.calculatore.CalculatoreApplication for test class com.brand.calculatore.CalculatoreApplicationTests

  .   ____          _            __ _ _
 /\\ / ___'_ __ _ _(_)_ __  __ _ \ \ \ \
( ( )\___ | '_ | '_| | '_ \/ _` | \ \ \ \
 \\/  ___)| |_)| | | | | || (_| |  ) ) ) )
  '  |____| .__|_| |_|_| |_\__, | / / / /
 =========|_|==============|___/=/_/_/_/

 :: Spring Boot ::                (v3.5.3)

2025-07-17T12:44:23.251+01:00  INFO 18105 --- [calculatore] [    Test worker] c.b.c.CalculatoreApplicationTests        : Starting CalculatoreApplicationTests using Java 17.0.15 with PID 18105 (started by sam in /home/sam/calculatore)
2025-07-17T12:44:23.253+01:00  INFO 18105 --- [calculatore] [    Test worker] c.b.c.CalculatoreApplicationTests        : No active profile set, falling back to 1 default profile: "default"
2025-07-17T12:44:24.592+01:00  INFO 18105 --- [calculatore] [    Test worker] c.b.c.CalculatoreApplicationTests        : Started CalculatoreApplicationTests in 1.721 seconds (process running for 2.948)
]]></system-out>
  <system-err><![CDATA[]]></system-err>
</testsuite>
